<?xml version="1.0" encoding="UTF-8"?>
<testsuite name="ScrabbleTest" tests="1" skipped="0" failures="0" errors="0" timestamp="2016-04-19T18:34:36" hostname="epicodus-51.local" time="0.001">
  <properties/>
  <testcase name="calculate_returnScoreForSingleLetter_1" classname="ScrabbleTest" time="0.001"/>
  <system-out><![CDATA[]]></system-out>
  <system-err><![CDATA[]]></system-err>
</testsuite>
